[2014/3/26]
bodyWeight = 72.1
historyIncome1 = 4045.5
historyIncome2 = 275.24
income1 = 0.01
income2 = 39.64
rate1 = 5.496
rate2 = 5.965
totalAssets1 = 112.13
totalAssets2 = 252460.24
[2014/3/27]
bodyWeight = 72.2
historyIncome1 = 4045.52
historyIncome2 = 313.86
income1 = 0.02
income2 = 38.62
rate1 = 5.472
rate2 = 5.953
totalAssets1 = 112.15
totalAssets2 = 252498.86
[2014/3/28]
bodyWeight = 71.7
historyIncome1 = 4045.54
historyIncome2 = 353.23
income1 = 0.02
income2 = 39.37
rate1 = 5.445
rate2 = 5.952
totalAssets1 = 112.17
totalAssets2 = 252538.23
[2014/3/29]
bodyWeight = 71.7
historyIncome1 = 4045.56
historyIncome2 = 392.36
income1 = 0.02
income2 = 39.13
rate1 = 5.415
rate2 = 5.901
totalAssets1 = 112.19
totalAssets2 = 252542.36
[2014/3/30]
bodyWeight = 71.1
historyIncome1 = 4045.58
historyIncome2 = 431.39
income1 = 0.02
income2 = 39.03
rate1 = 5.395
rate2 = 5.852
totalAssets1 = 112.21
totalAssets2 = 252206.39
[2014/3/31]
bodyWeight = 71.9
historyIncome1 = 4045.6
historyIncome2 = 470.39
income1 = 0.02
income2 = 39
rate1 = 5.37
rate2 = 5.803
totalAssets1 = 112.23
totalAssets2 = 252245.39
[2014/4/2]
bodyWeight = 71.2
historyIncome1 = 4045.64
historyIncome2 = 548.5
income1 = 0.02
income2 = 39.16
rate1 = 5.356
rate2 = 5.806
totalAssets1 = 112.27
totalAssets2 = 252323.5
[2014/4/3]
bodyWeight = 71.3
historyIncome1 = 4045.66
historyIncome2 = 587.57
income1 = 0.02
income2 = 39.07
rate1 = 5.357
rate2 = 5.816
totalAssets1 = 112.29
totalAssets2 = 252362.57
[2014/4/4]
bodyWeight = 71.3
historyIncome1 = 4045.68
historyIncome2 = 626
income1 = 0.02
income2 = 38.43
rate1 = 5.362
rate2 = 5.796
totalAssets1 = 112.31
totalAssets2 = 252401
[2014/4/7]
bodyWeight = 72.3
historyIncome1 = 4045.74
historyIncome2 = 743.09
income1 = 0.02
income2 = 38.99
rate1 = 5.373
rate2 = 5.795
totalAssets1 = 112.37
totalAssets2 = 252518.09
[2014/4/8]
bodyWeight = 71.7
historyIncome1 = 4045.76
historyIncome2 = 782.08
income1 = 0.02
income2 = 38.99
rate1 = 5.373
rate2 = 5.796
totalAssets1 = 112.39
totalAssets2 = 252557.08
[2014/4/9]
bodyWeight = 71.9
historyIncome1 = 4045.78
historyIncome2 = 821.23
income1 = 0.02
income2 = 39.15
rate1 = 5.368
rate2 = 5.794
totalAssets1 = 112.41
totalAssets2 = 252596.23
[2014/4/10]
bodyWeight = 70.7
historyIncome1 = 4045.8
historyIncome2 = 860.04
income1 = 0.02
income2 = 38.81
rate1 = 5.36
rate2 = 5.788
totalAssets1 = 112.43
totalAssets2 = 252635.04
[2014/4/11]
bodyWeight = 70.6
historyIncome1 = 4045.82
historyIncome2 = 898.36
income1 = 0.02
income2 = 38.32
rate1 = 5.351
rate2 = 5.785
totalAssets1 = 112.45
totalAssets2 = 259357.36
[2014/4/12]
bodyWeight = 70.9
historyIncome1 = 4045.84
historyIncome2 = 937.31
income1 = 0.02
income2 = 38.95
rate1 = 5.339
rate2 = 5.758
totalAssets1 = 112.47
totalAssets2 = 259296.31
[2014/4/13]
bodyWeight = 71.8
historyIncome1 = 4045.84
historyIncome2 = 976.16
income1 = 0
income2 = 38.85
rate1 = 5.327
rate2 = 5.733
totalAssets1 = 0
totalAssets2 = 259335.16
[2014/4/14]
bodyWeight = 72.1
historyIncome1 = 4045.84
historyIncome2 = 1014.98
income1 = 0
income2 = 38.82
rate1 = 5.315
rate2 = 5.708
totalAssets1 = 0
totalAssets2 = 259173.98
[2014/4/15]
bodyWeight = 71
historyIncome1 = 4045.84
historyIncome2 = 1054.37
income1 = 0
income2 = 39.39
rate1 = 5.3
rate2 = 5.694
totalAssets1 = 0
totalAssets2 = 259213.37
[2014/4/16]
bodyWeight = 71.5
historyIncome1 = 4045.84
historyIncome2 = 1094.09
income1 = 0
income2 = 39.72
rate1 = 5.287
rate2 = 5.685
totalAssets1 = 0
totalAssets2 = 259253.09
[2014/4/17]
bodyWeight = 70.7
historyIncome1 = 4045.84
historyIncome2 = 1134.14
income1 = 0
income2 = 40.05
rate1 = 5.272
rate2 = 5.689
totalAssets1 = 0
totalAssets2 = 259293.14
[2014/4/18]
bodyWeight = 70.9
historyIncome1 = 4045.84
historyIncome2 = 1174.4
income1 = 0
income2 = 40.26
rate1 = 5.253
rate2 = 5.709
totalAssets1 = 0
totalAssets2 = 259333.4
[2014/4/19]
bodyWeight = 70.7
historyIncome1 = 4045.84
historyIncome2 = 1214.54
income1 = 0
income2 = 40.14
rate1 = 5.239
rate2 = 5.734
totalAssets1 = 0
totalAssets2 = 259373.54
[2014/4/20]
bodyWeight = 71.2
historyIncome1 = 4045.84
historyIncome2 = 1254.6
income1 = 0
income2 = 40.06
rate1 = 5.224
rate2 = 5.76
totalAssets1 = 0
totalAssets2 = 259413.6
[2014/4/21]
bodyWeight = 72
historyIncome1 = 4045.84
historyIncome2 = 1294.63
income1 = 0
income2 = 40.03
rate1 = 5.21
rate2 = 5.785
totalAssets1 = 0
totalAssets2 = 259253.63
[2014/4/22]
bodyWeight = 71.8
historyIncome1 = 4045.84
historyIncome2 = 1334.22
income1 = 0
income2 = 39.59
rate1 = 5.2
rate2 = 5.789
totalAssets1 = 0
totalAssets2 = 309293.22
// à»è„income1ê•ó]?ïÛ, à»â∫ê•è∂??ïÔ

